<?xml version="1.0" encoding="UTF-8"?>
<testsuite xmlns:xsi="http://www.w3.org/2001/XMLSchema-instance" xsi:noNamespaceSchemaLocation="https://maven.apache.org/surefire/maven-surefire-plugin/xsd/surefire-test-report-3.0.xsd" version="3.0" name="TestUnitarios" time="0.928" tests="4" errors="0" skipped="0" failures="0">
  <properties>
[...]
</properties>
  <testcase name="TestEliminarEmpresaTestPorCompleto" classname="TestUnitarios" time="0.593"/>
  <testcase name="TestAñadirEmpresaYEscribirlaEnElFichero" classname="TestUnitarios" time="0.077"/>
  <testcase name="TestLeerArchivoYLeerLaEmpresaTestIntroducida" classname="TestUnitarios" time="0.108"/>
  <testcase name="TestModificarUnaEmpresaYQueSeModifiqueEnElFichero" classname="TestUnitarios" time="0.132">
    <system-out><![CDATA[UPDATE Empresa SET PaisSede = 'TestMod' WHERE IDEmpresa = 30
]]></system-out>
  </testcase>
</testsuite>